# JRE version: OpenJDK Runtime Environment (17.0+35) (build 17+35-2724)
# Java VM: OpenJDK 64-Bit Server VM (17+35-2724, mixed mode, emulated-client, sharing, tiered, compressed oops, compressed class ptrs, g1 gc, windows-amd64)
GC Precious Log:
 CPUs: 8 total, 8 available
 Memory: 16251M
 Large Page Support: Disabled
 NUMA Support: Disabled
 Compressed Oops: Enabled (Zero based)
 Heap Region Size: 2M
 Heap Min Capacity: 8M
 Heap Initial Capacity: 254M
 Heap Max Capacity: 4064M
 Pre-touch: Disabled
 Parallel Workers: 8
 Concurrent Workers: 2
 Concurrent Refinement Workers: 8
 Periodic GC: Disabled
Heap:
 garbage-first heap   total 260096K, used 84410K [0x0000000702000000, 0x0000000800000000)
  region size 2048K, 2 young (4096K), 2 survivors (4096K)
 Metaspace       used 67073K, committed 67648K, reserved 1114112K
  class space    used 8514K, committed 8832K, reserved 1048576K
GC Heap History (20 events):
Event: 14.585 GC heap after
{Heap after GC invocations=20 (full 0):
 garbage-first heap   total 94208K, used 37988K [0x0000000702000000, 0x0000000800000000)
  region size 2048K, 2 young (4096K), 2 survivors (4096K)
 Metaspace       used 61119K, committed 61632K, reserved 1105920K
  class space    used 7922K, committed 8128K, reserved 1048576K
}
Event: 15.003 GC heap before
{Heap before GC invocations=20 (full 0):
 garbage-first heap   total 94208K, used 72804K [0x0000000702000000, 0x0000000800000000)
  region size 2048K, 20 young (40960K), 2 survivors (4096K)
 Metaspace       used 64377K, committed 64896K, reserved 1105920K
  class space    used 8167K, committed 8448K, reserved 1048576K
}
Event: 15.006 GC heap after
{Heap after GC invocations=21 (full 0):
 garbage-first heap   total 94208K, used 39603K [0x0000000702000000, 0x0000000800000000)
  region size 2048K, 2 young (4096K), 2 survivors (4096K)
 Metaspace       used 64377K, committed 64896K, reserved 1105920K
  class space    used 8167K, committed 8448K, reserved 1048576K
}
Event: 15.517 GC heap before
{Heap before GC invocations=21 (full 0):
 garbage-first heap   total 94208K, used 72371K [0x0000000702000000, 0x0000000800000000)
  region size 2048K, 19 young (38912K), 2 survivors (4096K)
 Metaspace       used 67012K, committed 67520K, reserved 1114112K
  class space    used 8506K, committed 8768K, reserved 1048576K
}
Event: 15.520 GC heap after
{Heap after GC invocations=22 (full 0):
 garbage-first heap   total 94208K, used 42389K [0x0000000702000000, 0x0000000800000000)
  region size 2048K, 3 young (6144K), 3 survivors (6144K)
 Metaspace       used 67012K, committed 67520K, reserved 1114112K
  class space    used 8506K, committed 8768K, reserved 1048576K
}
Event: 15.645 GC heap before
{Heap before GC invocations=22 (full 0):
 garbage-first heap   total 94208K, used 73109K [0x0000000702000000, 0x0000000800000000)
  region size 2048K, 19 young (38912K), 3 survivors (6144K)
 Metaspace       used 67012K, committed 67520K, reserved 1114112K
  class space    used 8506K, committed 8768K, reserved 1048576K
}
Event: 15.654 GC heap after
{Heap after GC invocations=23 (full 0):
 garbage-first heap   total 94208K, used 49029K [0x0000000702000000, 0x0000000800000000)
  region size 2048K, 3 young (6144K), 3 survivors (6144K)
 Metaspace       used 67012K, committed 67520K, reserved 1114112K
  class space    used 8506K, committed 8768K, reserved 1048576K
}
Event: 15.736 GC heap before
{Heap before GC invocations=23 (full 0):
 garbage-first heap   total 94208K, used 71557K [0x0000000702000000, 0x0000000800000000)
  region size 2048K, 15 young (30720K), 3 survivors (6144K)
 Metaspace       used 67025K, committed 67520K, reserved 1114112K
  class space    used 8508K, committed 8768K, reserved 1048576K
}
Event: 15.742 GC heap after
{Heap after GC invocations=24 (full 0):
 garbage-first heap   total 114688K, used 55980K [0x0000000702000000, 0x0000000800000000)
  region size 2048K, 2 young (4096K), 2 survivors (4096K)
 Metaspace       used 67025K, committed 67520K, reserved 1114112K
  class space    used 8508K, committed 8768K, reserved 1048576K
}
Event: 15.977 GC heap before
{Heap before GC invocations=25 (full 0):
 garbage-first heap   total 114688K, used 82604K [0x0000000702000000, 0x0000000800000000)
  region size 2048K, 16 young (32768K), 2 survivors (4096K)
 Metaspace       used 67072K, committed 67648K, reserved 1114112K
  class space    used 8514K, committed 8832K, reserved 1048576K
}
Event: 15.983 GC heap after
{Heap after GC invocations=26 (full 0):
 garbage-first heap   total 114688K, used 65086K [0x0000000702000000, 0x0000000800000000)
  region size 2048K, 2 young (4096K), 2 survivors (4096K)
 Metaspace       used 67072K, committed 67648K, reserved 1114112K
  class space    used 8514K, committed 8832K, reserved 1048576K
}
Event: 16.032 GC heap before
{Heap before GC invocations=26 (full 0):
 garbage-first heap   total 114688K, used 85566K [0x0000000702000000, 0x0000000800000000)
  region size 2048K, 13 young (26624K), 2 survivors (4096K)
 Metaspace       used 67072K, committed 67648K, reserved 1114112K
  class space    used 8514K, committed 8832K, reserved 1048576K
}
Event: 16.036 GC heap after
{Heap after GC invocations=27 (full 0):
 garbage-first heap   total 114688K, used 70353K [0x0000000702000000, 0x0000000800000000)
  region size 2048K, 2 young (4096K), 2 survivors (4096K)
 Metaspace       used 67072K, committed 67648K, reserved 1114112K
  class space    used 8514K, committed 8832K, reserved 1048576K
}
Event: 16.101 GC heap before
{Heap before GC invocations=27 (full 0):
 garbage-first heap   total 114688K, used 86737K [0x0000000702000000, 0x0000000800000000)
  region size 2048K, 11 young (22528K), 2 survivors (4096K)
 Metaspace       used 67072K, committed 67648K, reserved 1114112K
  class space    used 8514K, committed 8832K, reserved 1048576K
}
Event: 16.104 GC heap after
{Heap after GC invocations=28 (full 0):
 garbage-first heap   total 114688K, used 74896K [0x0000000702000000, 0x0000000800000000)
  region size 2048K, 2 young (4096K), 2 survivors (4096K)
 Metaspace       used 67072K, committed 67648K, reserved 1114112K
  class space    used 8514K, committed 8832K, reserved 1048576K
}
Event: 16.160 GC heap before
{Heap before GC invocations=29 (full 0):
 garbage-first heap   total 143360K, used 91280K [0x0000000702000000, 0x0000000800000000)
  region size 2048K, 10 young (20480K), 2 survivors (4096K)
 Metaspace       used 67073K, committed 67648K, reserved 1114112K
  class space    used 8514K, committed 8832K, reserved 1048576K
}
Event: 16.169 GC heap after
{Heap after GC invocations=30 (full 0):
 garbage-first heap   total 143360K, used 82140K [0x0000000702000000, 0x0000000800000000)
  region size 2048K, 2 young (4096K), 2 survivors (4096K)
 Metaspace       used 67073K, committed 67648K, reserved 1114112K
  class space    used 8514K, committed 8832K, reserved 1048576K
}
Event: 16.233 GC heap before
{Heap before GC invocations=30 (full 0):
 garbage-first heap   total 143360K, used 84188K [0x0000000702000000, 0x0000000800000000)
  region size 2048K, 3 young (6144K), 2 survivors (4096K)
 Metaspace       used 67073K, committed 67648K, reserved 1114112K
  class space    used 8514K, committed 8832K, reserved 1048576K
}
Event: 16.237 GC heap after
{Heap after GC invocations=31 (full 0):
 garbage-first heap   total 143360K, used 79242K [0x0000000702000000, 0x0000000800000000)
  region size 2048K, 1 young (2048K), 1 survivors (2048K)
 Metaspace       used 67073K, committed 67648K, reserved 1114112K
  class space    used 8514K, committed 8832K, reserved 1048576K
}
Event: 16.347 GC heap before
{Heap before GC invocations=31 (full 0):
 garbage-first heap   total 143360K, used 103818K [0x0000000702000000, 0x0000000800000000)
  region size 2048K, 14 young (28672K), 1 survivors (2048K)
 Metaspace       used 67073K, committed 67648K, reserved 1114112K
  class space    used 8514K, committed 8832K, reserved 1048576K
}

