<?xml version="1.0" encoding="UTF-8"?>
<testsuite xmlns:xsi="http://www.w3.org/2001/XMLSchema-instance" xsi:noNamespaceSchemaLocation="https://maven.apache.org/surefire/maven-surefire-plugin/xsd/surefire-test-report-3.0.xsd" version="3.0" name="com.example.ergo.ErgoApplicationTests" time="6.868" tests="1" errors="0" skipped="0" failures="0">
  <properties>
[...]
</properties>
  <testcase name="contextLoads" classname="com.example.ergo.ErgoApplicationTests" time="0.907">
    <system-out><![CDATA[19:30:51.957 [main] INFO org.springframework.test.context.support.AnnotationConfigContextLoaderUtils -- Could not detect default configuration classes for test class [com.example.ergo.ErgoApplicationTests]: ErgoApplicationTests does not declare any static, non-private, non-final, nested classes annotated with @Configuration.
19:30:52.126 [main] INFO org.springframework.boot.test.context.SpringBootTestContextBootstrapper -- Found @SpringBootConfiguration com.example.ergo.ErgoApplication for test class com.example.ergo.ErgoApplicationTests
////////////////////////////////////////////////////////////////////
//                          _ooOoo_                               //
//                         o8888888o                              //
//                         88" . "88                              //
//                         (| ^_^ |)                              //
//                         O\  =  /O                              //
//                      ____/`---'\____                           //
//                    .'  \\|     |//  `.                         //
//                   /  \\|||  :  |||//  \                        //
//                  /  _||||| -:- |||||-  \                       //
//                  |   | \\\  -  /// |   |                       //
//                  | \_|  ''\---/''  |   |                       //
//                  \  .-\__  `-`  ___/-. /                       //
//                ___`. .'  /--.--\  `. . ___                     //
//              ."" '<  `.___\_<|>_/___.'  >'"".                  //
//            | | :  `- \`.;`\ _ /`;.`/ - ` : | |                 //
//            \  \ `-.   \_ __\ /__ _/   .-` /  /                 //
//      ========`-.____`-.___\_____/___.-`____.-'========         //
//                           `=---='                              //
//      ^^^^^^^^^^^^^^^^^^^^^^^^^^^^^^^^^^^^^^^^^^^^^^^^^^        //
//            佛祖保佑       永不宕机     永无BUG                    //
////////////////////////////////////////////////////////////////////
2023-12-06T19:30:52.735+08:00  INFO 10364 --- [           main] com.example.ergo.ErgoApplicationTests    : Starting ErgoApplicationTests using Java 17 with PID 10364 (started by 17524 in C:\Users\17524\Desktop\文档\Redis\代码\GitHub\ErGo\Ergo-backend)
2023-12-06T19:30:52.737+08:00  INFO 10364 --- [           main] com.example.ergo.ErgoApplicationTests    : No active profile set, falling back to 1 default profile: "default"
2023-12-06T19:30:53.823+08:00  INFO 10364 --- [           main] .s.d.r.c.RepositoryConfigurationDelegate : Multiple Spring Data modules found, entering strict repository configuration mode
2023-12-06T19:30:53.827+08:00  INFO 10364 --- [           main] .s.d.r.c.RepositoryConfigurationDelegate : Bootstrapping Spring Data Redis repositories in DEFAULT mode.
2023-12-06T19:30:53.874+08:00  INFO 10364 --- [           main] .s.d.r.c.RepositoryConfigurationDelegate : Finished Spring Data repository scanning in 25 ms. Found 0 Redis repository interfaces.
 _ _   |_  _ _|_. ___ _ |    _ 
| | |\/|_)(_| | |_\  |_)||_|_\ 
     /               |         
                        3.5.3.1 
2023-12-06T19:30:57.686+08:00  INFO 10364 --- [           main] com.example.ergo.ErgoApplicationTests    : Started ErgoApplicationTests in 5.364 seconds (process running for 6.864)
666
]]></system-out>
  </testcase>
</testsuite>